<?xml version="1.0" encoding="UTF-8"?>
<testng-results skipped="0" failed="0" ignored="0" total="2" passed="2">
  <reporter-output>
  </reporter-output>
  <suite name="Suite" duration-ms="25235" started-at="2023-01-27T11:47:34Z" finished-at="2023-01-27T11:47:59Z">
    <groups>
    </groups>
    <test name="FirefoxTest" duration-ms="13905" started-at="2023-01-27T11:47:34Z" finished-at="2023-01-27T11:47:48Z">
      <class name="MultiBrowser">
        <test-method status="PASS" signature="beforeTest(java.lang.String)[pri:0, instance:MultiBrowser@4450d156]" name="beforeTest" is-config="true" duration-ms="3751" started-at="2023-01-27T11:47:34Z" finished-at="2023-01-27T11:47:38Z">
          <params>
            <param index="0">
              <value>
                <![CDATA[firefox]]>
              </value>
            </param>
          </params>
          <reporter-output>
          </reporter-output>
        </test-method> <!-- beforeTest -->
        <test-method status="PASS" signature="test()[pri:0, instance:MultiBrowser@4450d156]" name="test" duration-ms="10141" started-at="2023-01-27T11:47:38Z" finished-at="2023-01-27T11:47:48Z">
          <reporter-output>
          </reporter-output>
        </test-method> <!-- test -->
      </class> <!-- MultiBrowser -->
    </test> <!-- FirefoxTest -->
    <test name="ChromeTest" duration-ms="11263" started-at="2023-01-27T11:47:48Z" finished-at="2023-01-27T11:47:59Z">
      <class name="MultiBrowser">
        <test-method status="PASS" signature="beforeTest(java.lang.String)[pri:0, instance:MultiBrowser@1a38c59b]" name="beforeTest" is-config="true" duration-ms="1670" started-at="2023-01-27T11:47:48Z" finished-at="2023-01-27T11:47:50Z">
          <params>
            <param index="0">
              <value>
                <![CDATA[chrome]]>
              </value>
            </param>
          </params>
          <reporter-output>
          </reporter-output>
        </test-method> <!-- beforeTest -->
        <test-method status="PASS" signature="test()[pri:0, instance:MultiBrowser@1a38c59b]" name="test" duration-ms="9592" started-at="2023-01-27T11:47:50Z" finished-at="2023-01-27T11:47:59Z">
          <reporter-output>
          </reporter-output>
        </test-method> <!-- test -->
      </class> <!-- MultiBrowser -->
    </test> <!-- ChromeTest -->
  </suite> <!-- Suite -->
</testng-results>
